0 info it worked if it ends with ok
1 verbose cli [ '/usr/local/bin/node', '/usr/local/bin/npm', 'run', 'dev' ]
2 info using npm@3.5.2
3 info using node@v5.3.0
4 verbose run-script [ 'predev', 'dev', 'postdev' ]
5 info lifecycle movies@0.0.1~predev: movies@0.0.1
6 silly lifecycle movies@0.0.1~predev: no script for predev, continuing
7 info lifecycle movies@0.0.1~dev: movies@0.0.1
8 verbose lifecycle movies@0.0.1~dev: unsafe-perm in lifecycle true
9 verbose lifecycle movies@0.0.1~dev: PATH: /usr/local/lib/node_modules/npm/bin/node-gyp-bin:/home/morgan/src/movies/node_modules/.bin:/usr/lib64/qt-3.3/bin:/usr/local/bin:/usr/local/sbin:/usr/bin:/usr/sbin:/bin:/sbin:/home/morgan/.local/bin:/home/morgan/bin
10 verbose lifecycle movies@0.0.1~dev: CWD: /home/morgan/src/movies
11 silly lifecycle movies@0.0.1~dev: Args: [ '-c', 'gulp' ]
12 silly lifecycle movies@0.0.1~dev: Returned: code: 1  signal: null
13 info lifecycle movies@0.0.1~dev: Failed to exec dev script
14 verbose stack Error: movies@0.0.1 dev: `gulp`
14 verbose stack Exit status 1
14 verbose stack     at EventEmitter.<anonymous> (/usr/local/lib/node_modules/npm/lib/utils/lifecycle.js:232:16)
14 verbose stack     at emitTwo (events.js:87:13)
14 verbose stack     at EventEmitter.emit (events.js:172:7)
14 verbose stack     at ChildProcess.<anonymous> (/usr/local/lib/node_modules/npm/lib/utils/spawn.js:24:14)
14 verbose stack     at emitTwo (events.js:87:13)
14 verbose stack     at ChildProcess.emit (events.js:172:7)
14 verbose stack     at maybeClose (internal/child_process.js:818:16)
14 verbose stack     at Process.ChildProcess._handle.onexit (internal/child_process.js:211:5)
15 verbose pkgid movies@0.0.1
16 verbose cwd /home/morgan/src/movies
17 error Linux 3.10.0-229.el7.x86_64
18 error argv "/usr/local/bin/node" "/usr/local/bin/npm" "run" "dev"
19 error node v5.3.0
20 error npm  v3.5.2
21 error code ELIFECYCLE
22 error movies@0.0.1 dev: `gulp`
22 error Exit status 1
23 error Failed at the movies@0.0.1 dev script 'gulp'.
23 error Make sure you have the latest version of node.js and npm installed.
23 error If you do, this is most likely a problem with the movies package,
23 error not with npm itself.
23 error Tell the author that this fails on your system:
23 error     gulp
23 error You can get information on how to open an issue for this project with:
23 error     npm bugs movies
23 error Or if that isn't available, you can get their info via:
23 error     npm owner ls movies
23 error There is likely additional logging output above.
24 verbose exit [ 1, true ]
